<?xml version="1.0" encoding="UTF-8"?>
<!-- Generated by org.testng.reporters.JUnitReportReporter -->
<testsuite hostname="CH-KYYBALP-67" failures="0" tests="1" name="Testcase.Finder_Enroll" time="76.203" errors="0" timestamp="2024-08-20T19:09:23 IST" skipped="0">
  <testcase classname="Testcase.Finder_Enroll" name="Finder_Signup" time="76.203"/>
</testsuite> <!-- Testcase.Finder_Enroll -->
